Arguments: 
  C:\Program Files\nodejs\node.exe C:\Users\trand\AppData\Roaming\npm\node_modules\yarn\bin\yarn.js add cookie-parser@1.4.6

PATH: 
  C:\Python311\Scripts\;C:\Python311\;C:\WINDOWS\system32;C:\WINDOWS;C:\WINDOWS\System32\Wbem;C:\WINDOWS\System32\WindowsPowerShell\v1.0\;C:\WINDOWS\System32\OpenSSH\;C:\Program Files\Git\cmd;C:\ProgramData\chocolatey\bin;C:\Users\trand\AppData\Roaming\nvm;C:\Program Files\nodejs;C:\Program Files\NVIDIA Corporation\NVIDIA NvDLISR;C:\Program Files (x86)\NVIDIA Corporation\PhysX\Common;C:\Users\trand\AppData\Local\Microsoft\WindowsApps;C:\Users\trand\AppData\Local\Programs\Microsoft VS Code\bin;C:\Users\trand\AppData\Roaming\npm;C:\Users\trand\AppData\Local\GitHubDesktop\bin

Yarn version: 
  1.22.19

Node version: 
  18.17.1

Platform: 
  win32 x64

Trace: 
  Error: EPERM: operation not permitted, unlink 'D:\projects\carstore-backend\node_modules\bcrypt\lib\binding\napi-v3\bcrypt_lib.node'

npm manifest: 
  {
    "name": "carstore-backend",
    "version": "1.0.0",
    "description": "",
    "main": "index.js",
    "scripts": {
      "test": "echo \"Error: no test specified\" && exit 1",
      "start": "nodemon src index.js"
    },
    "author": "",
    "license": "ISC",
    "dependencies": {
      "bcrypt": "^5.1.0",
      "body-parser": "^1.20.1",
      "cors": "^2.8.5",
      "dotenv": "^16.0.3",
      "express": "^4.18.2",
      "jsonwebtoken": "^8.5.1",
      "mongoose": "^6.7.2",
      "nodemon": "^2.0.20"
    }
  }

yarn manifest: 
  No manifest

Lockfile: 
  No lockfile
